Removed Pin From Net: NetName=GND Pin=C1-1
Removed Pin From Net: NetName=GND Pin=C2-1
Removed Pin From Net: NetName=GND Pin=C3-1
Removed Pin From Net: NetName=VIN Pin=C3-2
Removed Pin From Net: NetName=GND Pin=C4-1
Removed Pin From Net: NetName=VIN Pin=C4-2
Removed Pin From Net: NetName=VIN Pin=C5-2
Removed Pin From Net: NetName=VIN Pin=C6-2
Removed Pin From Net: NetName=GND Pin=C7-1
Removed Pin From Net: NetName=33V Pin=C7-2
Removed Pin From Net: NetName=GND Pin=C8-1
Removed Pin From Net: NetName=33V Pin=C8-2
Removed Pin From Net: NetName=GND Pin=C9-1
Removed Pin From Net: NetName=33V Pin=C9-2
Removed Pin From Net: NetName=GND Pin=C10-1
Removed Pin From Net: NetName=33V Pin=C10-2
Removed Pin From Net: NetName=GND Pin=D1-1
Removed Pin From Net: NetName=33V Pin=D1-2
Removed Pin From Net: NetName=33V Pin=D1-3
Removed Pin From Net: NetName=33V Pin=D1-6
Removed Pin From Net: NetName=33V Pin=D1-7
Removed Pin From Net: NetName=GND Pin=D2-1
Removed Pin From Net: NetName=33V Pin=D2-2
Removed Pin From Net: NetName=33V Pin=D2-3
Removed Pin From Net: NetName=VIN Pin=D2-4
Removed Pin From Net: NetName=33V Pin=D2-6
Removed Pin From Net: NetName=33V Pin=D2-7
Removed Pin From Net: NetName=VIN Pin=D3-4
Removed Pin From Net: NetName=GND Pin=D4-7
Removed Pin From Net: NetName=33V Pin=D4-10
Removed Pin From Net: NetName=GND Pin=D4-14
Removed Pin From Net: NetName=GND Pin=D4-18
Removed Pin From Net: NetName=GND Pin=D4-22
Removed Pin From Net: NetName=GND Pin=D4-24
Removed Pin From Net: NetName=GND Pin=D4-25
Removed Pin From Net: NetName=33V Pin=D4-31
Removed Pin From Net: NetName=GND Pin=D5-7
Removed Pin From Net: NetName=33V Pin=D5-10
Removed Pin From Net: NetName=GND Pin=D5-14
Removed Pin From Net: NetName=GND Pin=D5-18
Removed Pin From Net: NetName=GND Pin=D5-22
Removed Pin From Net: NetName=GND Pin=D5-24
Removed Pin From Net: NetName=GND Pin=D5-25
Removed Pin From Net: NetName=33V Pin=D5-31
Removed Pin From Net: NetName=GND Pin=R1-2
Removed Pin From Net: NetName=GND Pin=R2-2
Removed Pin From Net: NetName=GND Pin=R4-1
Removed Pin From Net: NetName=GND Pin=R5-1
Removed Pin From Net: NetName=GND Pin=X2-2
Removed Pin From Net: NetName=VIN Pin=X4-1
Removed Pin From Net: NetName=GND Pin=X4-2
Removed Pin From Net: NetName=VIN Pin=X6-1
Change Net Name : Old Net Name=33V New Net Name=3_33V
Change Net Name : Old Net Name=GND New Net Name=3_GND
Change Net Name : Old Net Name=VIN New Net Name=1_VIN
Added Pin To Net: NetName=1_33V Pin=C7-2
Added Pin To Net: NetName=1_33V Pin=C8-2
Added Pin To Net: NetName=1_33V Pin=D1-2
Added Pin To Net: NetName=1_33V Pin=D1-3
Added Pin To Net: NetName=1_33V Pin=D1-6
Added Pin To Net: NetName=1_33V Pin=D1-7
Added Pin To Net: NetName=1_33V Pin=D4-10
Added Pin To Net: NetName=1_33V Pin=D4-31
Added Net: Name=1_33V
Added Pin To Net: NetName=1_GND Pin=C1-1
Added Pin To Net: NetName=1_GND Pin=C2-1
Added Pin To Net: NetName=1_GND Pin=C7-1
Added Pin To Net: NetName=1_GND Pin=C8-1
Added Pin To Net: NetName=1_GND Pin=D1-1
Added Pin To Net: NetName=1_GND Pin=D4-7
Added Pin To Net: NetName=1_GND Pin=D4-14
Added Pin To Net: NetName=1_GND Pin=D4-18
Added Pin To Net: NetName=1_GND Pin=D4-22
Added Pin To Net: NetName=1_GND Pin=D4-24
Added Pin To Net: NetName=1_GND Pin=D4-25
Added Pin To Net: NetName=1_GND Pin=R1-2
Added Pin To Net: NetName=1_GND Pin=R4-1
Added Pin To Net: NetName=1_GND Pin=X2-2
Added Net: Name=1_GND
Added Pin To Net: NetName=2_33V Pin=C9-2
Added Pin To Net: NetName=2_33V Pin=C10-2
Added Pin To Net: NetName=2_33V Pin=D2-2
Added Pin To Net: NetName=2_33V Pin=D2-3
Added Pin To Net: NetName=2_33V Pin=D2-6
Added Pin To Net: NetName=2_33V Pin=D2-7
Added Pin To Net: NetName=2_33V Pin=D5-10
Added Pin To Net: NetName=2_33V Pin=D5-31
Added Net: Name=2_33V
Added Pin To Net: NetName=2_GND Pin=C3-1
Added Pin To Net: NetName=2_GND Pin=C4-1
Added Pin To Net: NetName=2_GND Pin=C9-1
Added Pin To Net: NetName=2_GND Pin=C10-1
Added Pin To Net: NetName=2_GND Pin=D2-1
Added Pin To Net: NetName=2_GND Pin=D5-7
Added Pin To Net: NetName=2_GND Pin=D5-14
Added Pin To Net: NetName=2_GND Pin=D5-18
Added Pin To Net: NetName=2_GND Pin=D5-22
Added Pin To Net: NetName=2_GND Pin=D5-24
Added Pin To Net: NetName=2_GND Pin=D5-25
Added Pin To Net: NetName=2_GND Pin=R2-2
Added Pin To Net: NetName=2_GND Pin=R5-1
Added Pin To Net: NetName=2_GND Pin=X4-2
Added Net: Name=2_GND
Added Pin To Net: NetName=2_VIN Pin=C3-2
Added Pin To Net: NetName=2_VIN Pin=C4-2
Added Pin To Net: NetName=2_VIN Pin=D2-4
Added Net: Name=2_VIN
Added Pin To Net: NetName=3_VIN Pin=C5-2
Added Pin To Net: NetName=3_VIN Pin=C6-2
Added Pin To Net: NetName=3_VIN Pin=D3-4
Added Net: Name=3_VIN
Added Pin To Net: NetName=VIN Pin=X4-1
Added Pin To Net: NetName=VIN Pin=X6-1
Added Net: Name=VIN
